18:03:14 **** Incremental Build of configuration Debug for project BLDC_Motor_Controller_24V ****
make -j8 all 
arm-none-eabi-size   BLDC_Motor_Controller_24V.elf 
   text	   data	    bss	    dec	    hex	filename
   6056	      8	   1648	   7712	   1e20	BLDC_Motor_Controller_24V.elf
Finished building: default.size.stdout
 
18:03:18 **** Incremental Build of configuration Debug for project BLDC_Motor_Controller_24V ****
make -j8 all 
arm-none-eabi-size   BLDC_Motor_Controller_24V.elf 
   text	   data	    bss	    dec	    hex	filename
   6056	      8	   1648	   7712	   1e20	BLDC_Motor_Controller_24V.elf
Finished building: default.size.stdout
 
18:03:43 **** Incremental Build of configuration Debug for project BLDC_Motor_Controller_24V ****
make -j8 all 
arm-none-eabi-size   BLDC_Motor_Controller_24V.elf 
   text	   data	    bss	    dec	    hex	filename
   6056	      8	   1648	   7712	   1e20	BLDC_Motor_Controller_24V.elf
Finished building: default.size.stdout
 
18:07:50 **** Incremental Build of configuration Debug for project BLDC_Motor_Controller_24V ****
make -j8 all 
arm-none-eabi-size   BLDC_Motor_Controller_24V.elf 
   text	   data	    bss	    dec	    hex	filename
   6056	      8	   1648	   7712	   1e20	BLDC_Motor_Controller_24V.elf
Finished building: default.size.stdout
 
18:08:00 **** Incremental Build of configuration Debug for project BLDC_Motor_Controller_24V ****
make -j8 all 
arm-none-eabi-size   BLDC_Motor_Controller_24V.elf 
   text	   data	    bss	    dec	    hex	filename
   6056	      8	   1648	   7712	   1e20	BLDC_Motor_Controller_24V.elf
Finished building: default.size.stdout
 
18:09:00 **** Incremental Build of configuration Debug for project BLDC_Motor_Controller_24V ****
make -j8 all 
arm-none-eabi-size   BLDC_Motor_Controller_24V.elf 
   text	   data	    bss	    dec	    hex	filename
   6056	      8	   1648	   7712	   1e20	BLDC_Motor_Controller_24V.elf
Finished building: default.size.stdout
 
18:10:09 **** Incremental Build of configuration Debug for project BLDC_Motor_Controller_24V ****
make -j8 all 
arm-none-eabi-size   BLDC_Motor_Controller_24V.elf 
   text	   data	    bss	    dec	    hex	filename
   6056	      8	   1648	   7712	   1e20	BLDC_Motor_Controller_24V.elf
Finished building: default.size.stdout
 
18:10:43 **** Incremental Build of configuration Debug for project BLDC_Motor_Controller_24V ****
make -j8 all 
arm-none-eabi-size   BLDC_Motor_Controller_24V.elf 
   text	   data	    bss	    dec	    hex	filename
   6056	      8	   1648	   7712	   1e20	BLDC_Motor_Controller_24V.elf
Finished building: default.size.stdout
 
